? 4 1 23:28:15 2021: Starting Cisco Packet Tracer 8.0.0.0212
? 4 1 23:28:17 2021: c:\users\cisco\jenkins\workspace\m_sgme_pt80_win64_cae\engine\ipc\ccep.cpp(349):WARN  - Forced an exapp to be MANDATORY at run-time.
? 4 1 23:28:18 2021: c:\users\cisco\jenkins\workspace\m_sgme_pt80_win64_cae\engine\ipc\ccep.cpp(349):WARN  - Forced an exapp to be MANDATORY at run-time.
? 4 1 23:28:49 2021: Script Module starting: 
? 4 1 23:28:58 2021: CPtmpServer started at port 39000
? 4 1 23:28:58 2021: Script Module starting: net.netacad.cisco.ActivitySequenceEditor
? 4 1 23:28:59 2021: Script Module starting: net.netacad.cisco.ActivitySequencer
? 4 1 23:28:59 2021: Script Module starting: net.netacad.cisco.clearTerminalAgent
? 4 1 23:28:59 2021: Script Module starting: net.netacad.cisco.Marvel
? 4 1 23:28:59 2021: Script Module starting: net.netacad.cisco.PcSoftware
? 4 1 23:28:59 2021: Script Module starting: net.netacad.cisco.PTINTERNAL
? 4 1 23:28:59 2021: Script Module starting: net.netacad.cisco.resource
? 4 1 23:29:00 2021: c:\users\cisco\jenkins\workspace\m_sgme_pt80_win64_cae\engine\ipc\ccep.cpp(349):WARN  - Forced an exapp to be MANDATORY at run-time.
? 4 1 23:29:00 2021: CPtmpServer started at port 38000
? 4 1 23:30:00 2021: c:\users\cisco\jenkins\workspace\m_sgme_pt80_win64_cae\gui\common\cursorbank.cpp(52):INFO  - Cursor: ../art/Cursors/cOpenHand.png, Offset: 0 x 0, Size: 32 x 32, DPR: 1
? 4 1 23:30:00 2021: c:\users\cisco\jenkins\workspace\m_sgme_pt80_win64_cae\gui\common\cursorbank.cpp(52):INFO  - Cursor: ../art/Cursors/cClosedHand.png, Offset: 0 x 0, Size: 32 x 32, DPR: 1
? 4 1 23:30:00 2021: c:\users\cisco\jenkins\workspace\m_sgme_pt80_win64_cae\gui\common\cursorbank.cpp(52):INFO  - Cursor: ../art/Cursors/cConnect.svg, Offset: 10 x 10, Size: 32 x 32, DPR: 1
? 4 1 23:30:00 2021: c:\users\cisco\jenkins\workspace\m_sgme_pt80_win64_cae\gui\common\cursorbank.cpp(52):INFO  - Cursor: ../art/Cursors/cTargetX.svg, Offset: 16 x 16, Size: 32 x 32, DPR: 1
? 4 1 23:30:00 2021: c:\users\cisco\jenkins\workspace\m_sgme_pt80_win64_cae\gui\common\cursorbank.cpp(52):INFO  - Cursor: ../art/Cursors/cAddDevice.svg, Offset: 16 x 16, Size: 32 x 32, DPR: 1
? 4 1 23:30:00 2021: c:\users\cisco\jenkins\workspace\m_sgme_pt80_win64_cae\gui\common\cursorbank.cpp(52):INFO  - Cursor: ../art/Cursors/cInspect.svg, Offset: 16 x 16, Size: 32 x 32, DPR: 1
? 4 1 23:30:00 2021: c:\users\cisco\jenkins\workspace\m_sgme_pt80_win64_cae\gui\common\cursorbank.cpp(52):INFO  - Cursor: ../art/Cursors/cAddPacket.svg, Offset: 10 x 10, Size: 32 x 32, DPR: 1
? 4 1 23:30:00 2021: c:\users\cisco\jenkins\workspace\m_sgme_pt80_win64_cae\gui\common\cursorbank.cpp(52):INFO  - Cursor: ../art/Cursors/cResize.svg, Offset: 16 x 16, Size: 32 x 32, DPR: 1
? 4 1 23:30:00 2021: c:\users\cisco\jenkins\workspace\m_sgme_pt80_win64_cae\gui\common\cursorbank.cpp(52):INFO  - Cursor: ../art/Cursors/cPencil.svg, Offset: 16 x 16, Size: 32 x 32, DPR: 1
? 4 1 23:30:00 2021: c:\users\cisco\jenkins\workspace\m_sgme_pt80_win64_cae\gui\common\cursorbank.cpp(52):INFO  - Cursor: ../art/Cursors/cDrawingcross.svg, Offset: 16 x 16, Size: 32 x 32, DPR: 1
? 4 1 23:30:01 2021: Changed device name:  to Switch0
? 4 1 23:30:02 2021: Changed device name:  to Power Distribution Device0
? 4 1 23:30:02 2021: Created device: Power Distribution Device0 model: Power Distribution Device
? 4 1 23:30:02 2021: Created device: Switch0 model: 2960-24TT
? 4 1 23:30:06 2021: Changed device name:  to PC0
? 4 1 23:30:06 2021: Created device: PC0 model: PC-PT
? 4 1 23:30:21 2021: Switch0: Switch> enable
? 4 1 23:30:27 2021: Switch0: Switch# configure terminal 
? 4 1 23:30:32 2021: Switch0: Switch(config)# hostname Axel
? 4 1 23:30:40 2021: Switch0: Axel(config)# password coco
? 4 1 23:30:53 2021: Switch0: Axel(config)# enable password coco
? 4 1 23:30:58 2021: Switch0: Axel(config)# login
? 4 1 23:31:02 2021: Switch0: Axel(config)# exit
? 4 1 23:31:03 2021: Switch0: Axel# exit
? 4 1 23:31:07 2021: Switch0: Axel> enable
? 4 1 23:31:21 2021: Switch0: Axel# configure terminal 
? 4 1 23:31:59 2021: Link created: Switch0 Console to PC0 RS 232, 8108
? 4 1 23:33:18 2021: Switch0: Axel(config)# reload
? 4 1 23:33:20 2021: Switch0: Axel(config)# exit
? 4 1 23:33:21 2021: Switch0: Axel# reload
? 4 1 23:33:40 2021: Switch0: Switch> enable
? 4 1 23:33:46 2021: Switch0: Switch# configure terminal 
? 4 1 23:34:03 2021: Switch0: Switch(config)# line console 0
? 4 1 23:34:06 2021: Switch0: Switch(config-line)# password coco
? 4 1 23:34:09 2021: Switch0: Switch(config-line)# login
? 4 1 23:34:11 2021: Switch0: Switch(config-line)# exit
? 4 1 23:34:13 2021: Switch0: Switch(config)# exit
? 4 1 23:34:14 2021: Switch0: Switch# exit
? 4 1 23:34:23 2021: Switch0: Switch> enable
? 4 1 23:34:27 2021: Switch0: Switch# configure terminal 
? 4 1 23:34:32 2021: Switch0: Switch(config)# hostname Axel
? 4 1 23:34:34 2021: Switch0: Axel(config)# exit
? 4 1 23:34:35 2021: Switch0: Axel# exit
? 4 1 23:36:26 2021: Switch0: Axel> enable
? 4 1 23:36:31 2021: Switch0: Axel# configure terminal 
? 4 1 23:36:39 2021: Switch0: Axel(config)# interface fastEthernet 0/1
? 4 1 23:36:45 2021: Switch0: Axel(config-if)# ?
? 4 1 23:37:12 2021: Switch0: Axel(config-if)# speed ?
? 4 1 23:37:40 2021: Switch0: Axel(config-if)# speed 10
? 4 1 23:37:44 2021: Switch0: Axel(config-if)# duplex ?
? 4 1 23:37:50 2021: Switch0: Axel(config-if)# duplex half
? 4 1 23:38:25 2021: Switch0: Axel(config-if)# exit
? 4 1 23:38:30 2021: Switch0: Axel(config)# exit
? 4 1 23:38:37 2021: Switch0: Axel# show running-config 
? 4 1 23:39:08 2021: Switch0: Axel# configure terminal
? 4 1 23:39:08 2021: Switch0: Axel(config)# interface FastEthernet0/1
? 4 1 23:50:48 2021: Link deleted: Switch0 Console to PC0 RS 232, 8108
? 4 1 23:50:48 2021: Removed device: PC0
? 4 1 23:50:48 2021: Removed device: Switch0
? 4 1 23:50:52 2021: Changed device name:  to PC1
? 4 1 23:50:52 2021: Created device: PC1 model: PC-PT
? 4 1 23:50:57 2021: Changed device name:  to Switch1
? 4 1 23:50:57 2021: Created device: Switch1 model: 2960-24TT
? 4 1 23:51:06 2021: Link created: PC1 FastEthernet0 to Switch1 FastEthernet0/1, 8100
? 4 1 23:51:12 2021: Link deleted: PC1 FastEthernet0 to Switch1 FastEthernet0/1, 8100
? 4 1 23:51:18 2021: Link created: PC1 FastEthernet0 to Switch1 FastEthernet0/1, 8100
? 4 1 23:52:38 2021: Link created: PC1 RS 232 to Switch1 Console, 8108
? 4 1 23:53:26 2021: Link deleted: PC1 FastEthernet0 to Switch1 FastEthernet0/1, 8100
? 4 1 23:53:26 2021: Link deleted: PC1 RS 232 to Switch1 Console, 8108
? 4 1 23:53:26 2021: Removed device: Switch1
? 4 1 23:53:27 2021: Changed device name:  to Switch1
? 4 1 23:53:27 2021: Created device: Switch1 model: 2960-24TT
? 4 1 23:53:27 2021: Link created: PC1 FastEthernet0 to Switch1 FastEthernet0/1, 8108
? 4 1 23:53:27 2021: Link created: PC1 RS 232 to Switch1 Console, 8108
? 4 1 23:53:28 2021: Link deleted: PC1 RS 232 to Switch1 Console, 8108
? 4 1 23:55:07 2021: Switch1: Switch> enable
? 4 1 23:55:11 2021: Switch1: Switch# configure terminal 
? 4 1 23:55:18 2021: Switch1: Switch(config)# line vty 0 15
? 4 1 23:55:22 2021: Switch1: Switch(config-line)# no login
? 4 1 23:55:26 2021: Switch1: Switch(config-line)# login local
? 4 1 23:55:35 2021: Switch1: Switch(config-line)# username coco password coco
? 4 1 23:55:52 2021: Switch1: Switch(config)# username coco privilege 15
? 4 1 23:56:09 2021: Switch1: Switch(config)# interface vlan
? 4 1 23:56:15 2021: Switch1: Switch(config)# interface vlan 1
? 4 1 23:56:32 2021: Switch1: Switch(config-if)# ip address 192.168.1.3 255.255.255.0
? 4 1 23:56:38 2021: Switch1: Switch(config-if)# no shutdown 
? 4 1 23:58:29 2021: Switch1: Switch# enable
? 4 1 23:58:37 2021: Switch1: Switch# configure terminal 
? 4 1 23:58:43 2021: Switch1: Switch(config)# hostname coco
? 4 2 00:00:52 2021: PC1: C:\> copy
